[16483][1670842535031][shell][info]["EventBus~initialize - Success"]
[16483][1670842535042][shell][info]["bootShellCrashReporter~ Success"]
[16483][1670842535525][shell][info]["shellController~init: Success"]
[16483][1670842535526][shell][info]["shellMeta~init: Success"]
[16483][1670842535527][shell][info]["partitionMigrationService: State of V7 partition:"]
[16483][1670842535528][shell][info]["partitionMigrationService: V7 partitions",[]]
[16483][1670842535529][shell][info]["partitionMigrationService: V7 lastActiveUser",null]
[16483][1670842535529][shell][info]["partitionMigrationService: V7 activePartition",null]
[16483][1670842535530][shell][info]["partitionMigrationService: V7 isPartitionDirty",null]
[16483][1670842535531][shell][info]["partitionMigrationService~rectifyNamespaceOfScratchPadPartition: There is no partition with scratchpad namespace"]
[16483][1670842535531][shell][info]["partitionMigrationService~rectifyNamespaceOfScratchPadPartition: There is no transit partition which could have been used for scratchpad"]
[16483][1670842535532][shell][info]["partitionMigrationService~init: Success"]
[16483][1670842535533][shell][info]["partitionMigrationService~runV8PartitionsIntegrity: Two way migration~ removing the following partitions from v8",[]]
[16483][1670842535534][shell][info]["userPartitionService~_rectifyTheActivePartitionOfApplication: Setting the active partition to ",null]
[16483][1670842535535][shell][info]["userPartitionService~init: Success"]
[16483][1670842535536][shell][info]["userPartitionService: State of v8 partition system:"]
[16483][1670842535537][shell][info]["userPartitionService: List of partitions:",[]]
[16483][1670842535537][shell][info]["userPartitionService: users global meta:",{"activePartition":null}]
[16483][1670842535539][shell][info]["shell~init~getPartitionToLoad: loading scratchpad partition"]
[16483][1670842535545][shell][info]["init~setViewAttributes - Initializing view with opts:"]
[16483][1670842535548][shell][info]["verifyPartitionIdWithMain: Verifying partition ID from main process"]
[16483][1670842535548][shell][info]["Shell~init~setViewAttributes: passing scratchpad partition id as ","33ceccb9-ff4b-48e2-9094-dac973d97486"]
[16483][1670842535549][shell][info]["Shell~init~setViewAttributes: do we have any logged in users? ",false]
[16483][1670842535550][shell][info]["init~setViewAttributes - Success"]
[16483][1670842535553][shell][info]["verifyPartitionIdWithMain: Bailing out as migration has not been done"]
[16483][1670842537976][shell][info]["Shell~init~sendUsersDataToRenderer",[]]
[16483][1670842566987][shell][info]["EventBus~initialize - Success"]
[16483][1670842566995][shell][info]["bootShellCrashReporter~ Success"]
[16483][1670842567011][shell][info]["shellController~init: Success"]
[16483][1670842567011][shell][info]["shellMeta~init: Success"]
[16483][1670842567012][shell][info]["partitionMigrationService: State of V7 partition:"]
[16483][1670842567012][shell][info]["partitionMigrationService: V7 partitions",[]]
[16483][1670842567013][shell][info]["partitionMigrationService: V7 lastActiveUser",null]
[16483][1670842567013][shell][info]["partitionMigrationService: V7 activePartition",null]
[16483][1670842567013][shell][info]["partitionMigrationService: V7 isPartitionDirty",null]
[16483][1670842567014][shell][info]["partitionMigrationService~init: Success"]
[16483][1670842567015][shell][info]["partitionMigrationService~runV8PartitionsIntegrity: Two way migration~ removing the following partitions from v8",[]]
[16483][1670842567015][shell][info]["userPartitionService~_rectifyTheActivePartitionOfApplication: Setting the active partition to ",null]
[16483][1670842567016][shell][info]["userPartitionService~init: Success"]
[16483][1670842567017][shell][info]["Shell~init~loginUser: associating the user ","24881337"," with transit partition"]
[16483][1670842567019][shell][info]["userPartitionService~associateTransitPartition: ",{"partitionId":"3e48b612-9caf-4b1b-b080-4cc0fdb8738c","context":{"namespace":"users","userId":"24881337","teamId":"0"}}]
[16483][1670842567020][shell][info]["userPartitionService: State of v8 partition system:"]
[16483][1670842567020][shell][info]["userPartitionService: List of partitions:",[{"partitionId":"3e48b612-9caf-4b1b-b080-4cc0fdb8738c","namespace":"users","userId":"24881337","teamId":"0","lastUpdated":"2022-12-12T10:56:07.019Z"},{"partitionId":"33ceccb9-ff4b-48e2-9094-dac973d97486","namespace":"scratchPad","userId":0,"teamId":0,"isDirty":false}]]
[16483][1670842567021][shell][info]["userPartitionService: users global meta:",{"activePartition":null}]
[16483][1670842567024][shell][info]["init~setViewAttributes - Initializing view with opts:"]
[16483][1670842567026][shell][info]["verifyPartitionIdWithMain: Verifying partition ID from main process"]
[16483][1670842567031][shell][info]["Shell~init~setViewAttributes: passing scratchpad partition id as ","33ceccb9-ff4b-48e2-9094-dac973d97486"]
[16483][1670842567031][shell][info]["Shell~init~setViewAttributes: do we have any logged in users? ",true]
[16483][1670842567032][shell][info]["init~setViewAttributes - Success"]
[16483][1670842567033][shell][info]["verifyPartitionIdWithMain: Bailing out as migration has not been done"]
[16483][1670842572902][shell][info]["Shell~init~sendUsersDataToRenderer",["24881337"]]
[16483][1670842572915][shell][info]["handleMessageInShell: Got request for shell data from main. Sending"]
[16483][1670842573363][shell][info]["EventBus~initialize - Success"]
[16483][1670842573366][shell][info]["bootShellCrashReporter~ Success"]
[16483][1670842573379][shell][info]["shellController~init: Success"]
[16483][1670842573379][shell][info]["shellMeta~init: Success"]
[16483][1670842573379][shell][info]["partitionMigrationService: State of V7 partition:"]
[16483][1670842573379][shell][info]["partitionMigrationService: V7 partitions",[]]
[16483][1670842573380][shell][info]["partitionMigrationService: V7 lastActiveUser",null]
[16483][1670842573380][shell][info]["partitionMigrationService: V7 activePartition",null]
[16483][1670842573380][shell][info]["partitionMigrationService: V7 isPartitionDirty",null]
[16483][1670842573380][shell][info]["partitionMigrationService~init: Success"]
[16483][1670842573381][shell][info]["partitionMigrationService~runV8PartitionsIntegrity: Two way migration~ removing the following partitions from v8",[]]
[16483][1670842573381][shell][info]["userPartitionService~getRecentV8UserPartition: recent v8 user context partition ","3e48b612-9caf-4b1b-b080-4cc0fdb8738c"]
[16483][1670842573381][shell][info]["userPartitionService~_rectifyTheActivePartitionOfApplication: Setting the active partition to ","3e48b612-9caf-4b1b-b080-4cc0fdb8738c"]
[16483][1670842573382][shell][info]["userPartitionService~init: Success"]
[16483][1670842573382][shell][info]["Shell~init~loginUser: Updating existing user details"]
[16483][1670842573382][shell][info]["userPartitionService~associateTransitPartition: ",{"partitionId":"3e48b612-9caf-4b1b-b080-4cc0fdb8738c","context":{"namespace":"users","userId":"24881337","teamId":"0"}}]
[16483][1670842573383][shell][info]["userPartitionService: State of v8 partition system:"]
[16483][1670842573384][shell][info]["userPartitionService: List of partitions:",[{"partitionId":"3e48b612-9caf-4b1b-b080-4cc0fdb8738c","namespace":"users","userId":"24881337","teamId":"0","lastUpdated":"2022-12-12T10:56:13.382Z"},{"partitionId":"33ceccb9-ff4b-48e2-9094-dac973d97486","namespace":"scratchPad","userId":0,"teamId":0,"isDirty":false}]]
[16483][1670842573384][shell][info]["userPartitionService: users global meta:",{"activePartition":"3e48b612-9caf-4b1b-b080-4cc0fdb8738c"}]
[16483][1670842573385][shell][info]["init~setViewAttributes - Initializing view with opts:"]
[16483][1670842573386][shell][info]["verifyPartitionIdWithMain: Verifying partition ID from main process"]
[16483][1670842573396][shell][info]["Shell~init~setViewAttributes: passing scratchpad partition id as ","33ceccb9-ff4b-48e2-9094-dac973d97486"]
[16483][1670842573396][shell][info]["Shell~init~setViewAttributes: do we have any logged in users? ",true]
[16483][1670842573397][shell][info]["init~setViewAttributes - Success"]
[16483][1670842573506][shell][info]["verifyPartitionIdWithMain: ID was resolved correctly by main"]
[16483][1670842576574][shell][info]["Shell~init~sendUsersDataToRenderer",["24881337"]]
[16483][1670842577588][shell][info]["model-events~user - bootstrapUser received"]
[16483][1670842577589][shell][info]["userPartitionService~associateTransitPartition: ",{"partitionId":"3e48b612-9caf-4b1b-b080-4cc0fdb8738c","context":{"namespace":"users","userId":"24881337","teamId":"0"}}]
[16483][1670842577590][shell][info]["userPartitionService: State of v8 partition system:"]
[16483][1670842577590][shell][info]["userPartitionService: List of partitions:",[{"partitionId":"3e48b612-9caf-4b1b-b080-4cc0fdb8738c","namespace":"users","userId":"24881337","teamId":"0","lastUpdated":"2022-12-12T10:56:17.589Z"},{"partitionId":"33ceccb9-ff4b-48e2-9094-dac973d97486","namespace":"scratchPad","userId":0,"teamId":0,"isDirty":false}]]
[16483][1670842577590][shell][info]["userPartitionService: users global meta:",{"activePartition":"3e48b612-9caf-4b1b-b080-4cc0fdb8738c"}]
[16483][1670842577743][shell][info]["model-events~user - bootstrapUser received"]
[16483][1670842577744][shell][info]["userPartitionService~associateTransitPartition: ",{"partitionId":"3e48b612-9caf-4b1b-b080-4cc0fdb8738c","context":{"namespace":"users","userId":"24881337","teamId":"0"}}]
[16483][1670842577745][shell][info]["userPartitionService: State of v8 partition system:"]
[16483][1670842577745][shell][info]["userPartitionService: List of partitions:",[{"partitionId":"3e48b612-9caf-4b1b-b080-4cc0fdb8738c","namespace":"users","userId":"24881337","teamId":"0","lastUpdated":"2022-12-12T10:56:17.744Z"},{"partitionId":"33ceccb9-ff4b-48e2-9094-dac973d97486","namespace":"scratchPad","userId":0,"teamId":0,"isDirty":false}]]
[16483][1670842577745][shell][info]["userPartitionService: users global meta:",{"activePartition":"3e48b612-9caf-4b1b-b080-4cc0fdb8738c"}]
